9
12328
1761
20219
14854
138
4203
12722
25
1422
2889
4512
4012
9295
17868
1119
11436
3262
13962
5199
2281
1593
8040
8023
6611
2999
22035
2728
5137
5954
14430
8096
290
9320
3492
3023
2758
23567
3669
12251
21871
3721
12459
3398
13080
160
17327
94
1639
3083
6270
6150
351
634
12585
1219
3087
25415
873
22926
5355
1022
4715
378
22877
929
18701
943
6512
7267
5648
24063
2821
13052
13958
18004
20502
5320
21788
21398
172
2940
3683
7575
4455
9869
6255
2997
1426
13159
47
12337
1859
22017
4377
12138
9357
19836
2136
1489
3218
15656
2746
2291
1183
9596
11758
11244
190
12059
15366
8616
11641
4155
2735
2910
3065
12123
471
3409
4833
10074
11111
1693
3524
5753
445
7790
1861
2989
26990
7662
5551
2216
1032
475
22766
3542
1063
2376
27089
22767
363
7541
6209
7477
164
21487
4472
11280
2652
12677
10324
7583
858
5204
15403
2980
3036
5262
1083
2565
881
12222
4016
327
6854
1280
51
23036
7673
10042
2866
346
12897
9175
572
12102
6167
8158
4365
16199
4959
11080
14677
12061
5706
23200
11012
1988
2601
21001
2617
3211
788
3227
11451
2163
6332
1307
