Case #1: SweetStop 
Case #2: NailPolishRoomBlock LightningBolts BlueBottle RainbowStairs ChosHawkerCenter MamaPennys Helpdesk Arcade SonOfPingAndPong 
Case #3: ZucksOldOffice FullCircle TransportationHub Helpdesk LivingTheDream 
Case #4: PhilzCoffee TransportationHub ShuttlePlatform FreshOrangeJuice FakeCrosswalk Sol OculusDemoLab Harvest BlueBottle LikeSign LateHarvest ZucksOffice WoodenSculpture FukiSushiInOldenDays TechVendingMachine VerveCoffee ChosHawkerCenter ColdBrewMachine Helpdesk FoxPainting PopUpShop BahnAppetit ConstitutionDeli TuringInDominoes SugarShack HalalTruck ZucksOldOffice LightningBolts RainbowStairs FoxGazebo Nanokitchen HackerSquare LivingTheDream Microkitchen MamaPennys BurgerShack DentalOffice BridgeClub 
Case #5: CafeEpic SonOfPingAndPong SweetStop 
Case #6: ZucksOffice ChosHawkerCenter LivingTheDream FullCircle SaintFrank RainbowStairs MamaPennys ConstitutionDeli SugarShack TuringInDominoes MPK20Roof BridgeClub LightningBolts WallOfPhones FreshOrangeJuice SweetStop Nanokitchen Ballpit Sol LikeSign TransportationHub SonOfPingAndPong OculusDemoLab 
Case #7: FoxGazebo MPK20Roof WoodenSculpture Biryani 
Case #8: TuringInDominoes LivingTheDream HackerSquare WoodenSculpture 
Case #9: LikeSign Arcade SweetStop 
Case #10: PhilzCoffee HalalTruck Microkitchen MPK20Roof ColdBrewMachine 
Case #11: WallOfPhones HalalTruck SugarShack BurgerShack 
Case #12: HotfixBar MamaPennys SweetStop SwagStore Microkitchen FullCircle ZucksOldOffice ConstitutionDeli FoxGazebo 
Case #13: VerveCoffee LightningBolts BlueBottle SwagStore 
Case #14: WoodenSculpture 
Case #15: SaintFrank HotfixBar Ballpit MPK20Roof PopUpShop ChosHawkerCenter HalalTruck FoxPainting Sol LivingTheDream SweetStop WallOfPhones HackerSquare LateHarvest TuringInDominoes LightningBolts ColdBrewMachine BurgerShack Nanokitchen 
Case #16: ZucksOldOffice Harvest FakeCrosswalk WallOfPhones LateHarvest HotfixBar Helpdesk 
Case #17: RainbowStairs LateHarvest CafeEpic LightningBolts SugarShack BridgeClub ShuttlePlatform ChosHawkerCenter TransportationHub SonOfPingAndPong 
Case #18: BridgeClub LivingTheDream SaintFrank ZucksOldOffice 
Case #19: ShuttlePlatform BlueBottle 
Case #20: LateHarvest HalalTruck LightningBolts MamaPennys Harvest Helpdesk DentalOffice ColdBrewMachine TransportationHub SonOfPingAndPong RainbowStairs LikeSign FakeCrosswalk Ballpit FukiSushiInOldenDays FullCircle SugarShack CafeEpic FreshOrangeJuice ShuttlePlatform Nanokitchen TuringInDominoes NailPolishRoomBlock MPK20Roof BurgerShack SaintFrank HackerSquare 
Case #21: SugarShack SweetStop ConstitutionDeli BlueBottle TransportationHub Helpdesk SonOfPingAndPong FakeCrosswalk FoxGazebo MamaPennys TechVendingMachine VerveCoffee LightningBolts Nanokitchen FukiSushiInOldenDays OculusDemoLab PopUpShop Harvest Ballpit MPK20Roof RainbowStairs TuringInDominoes ChosHawkerCenter DentalOffice FoxPainting 
Case #22: Arcade ConstitutionDeli HotfixBar 
Case #23: FukiSushiInOldenDays ColdBrewMachine FreshOrangeJuice CafeEpic SwagStore Helpdesk FullCircle MamaPennys BahnAppetit LateHarvest Harvest 
Case #24: LivingTheDream Harvest PhilzCoffee MamaPennys 
Case #25: WallOfPhones ConstitutionDeli BridgeClub TuringInDominoes BahnAppetit ZucksOffice OculusDemoLab Microkitchen Arcade ShuttlePlatform NailPolishRoomBlock SweetStop SwagStore HackerSquare TechVendingMachine SonOfPingAndPong 
Case #26: PhilzCoffee CafeEpic FukiSushiInOldenDays Microkitchen RainbowStairs LivingTheDream WoodenSculpture FoxGazebo FoxPainting OculusDemoLab Sol SaintFrank FullCircle SweetStop ChosHawkerCenter ColdBrewMachine BahnAppetit Ballpit VerveCoffee TechVendingMachine PopUpShop TransportationHub ConstitutionDeli WallOfPhones FakeCrosswalk ZucksOldOffice MamaPennys NailPolishRoomBlock Helpdesk LikeSign HotfixBar LateHarvest Harvest Nanokitchen BridgeClub ZucksOffice BurgerShack DentalOffice Arcade ShuttlePlatform FreshOrangeJuice BlueBottle 
Case #27: LivingTheDream ZucksOldOffice LightningBolts FukiSushiInOldenDays FreshOrangeJuice ZucksOffice FullCircle TechVendingMachine TransportationHub WallOfPhones MamaPennys 
Case #28: Ballpit Helpdesk NailPolishRoomBlock MPK20Roof FullCircle TuringInDominoes BlueBottle OculusDemoLab HackerSquare LivingTheDream FakeCrosswalk FreshOrangeJuice PhilzCoffee FukiSushiInOldenDays Nanokitchen BridgeClub WallOfPhones LateHarvest ConstitutionDeli LikeSign VerveCoffee Microkitchen DentalOffice Sol ChosHawkerCenter TransportationHub ZucksOffice RainbowStairs HotfixBar SonOfPingAndPong BurgerShack PopUpShop Harvest LightningBolts TechVendingMachine HalalTruck 
Case #29: ChosHawkerCenter BlueBottle FukiSushiInOldenDays ZucksOldOffice LateHarvest WallOfPhones VerveCoffee ConstitutionDeli PopUpShop TechVendingMachine ZucksOffice ShuttlePlatform RainbowStairs FoxPainting MPK20Roof SwagStore Microkitchen BridgeClub ColdBrewMachine WoodenSculpture OculusDemoLab Harvest HackerSquare Sol SugarShack BurgerShack FreshOrangeJuice 
Case #30: MPK20Roof ShuttlePlatform Sol TuringInDominoes FoxPainting WoodenSculpture Harvest Microkitchen SwagStore ZucksOffice BurgerShack Arcade 
Case #31: SaintFrank SonOfPingAndPong WallOfPhones SweetStop VerveCoffee WoodenSculpture Nanokitchen 
Case #32: LateHarvest ZucksOldOffice CafeEpic MPK20Roof SwagStore Microkitchen NailPolishRoomBlock FullCircle TuringInDominoes FukiSushiInOldenDays Harvest WoodenSculpture Arcade FoxGazebo WallOfPhones LikeSign ZucksOffice BridgeClub HackerSquare Nanokitchen BurgerShack FakeCrosswalk ConstitutionDeli 
Case #33: ConstitutionDeli TuringInDominoes Harvest HackerSquare NailPolishRoomBlock Ballpit BlueBottle OculusDemoLab Nanokitchen TechVendingMachine BahnAppetit VerveCoffee HalalTruck LivingTheDream SugarShack FoxPainting LateHarvest SonOfPingAndPong DentalOffice HotfixBar BridgeClub LikeSign MamaPennys SwagStore RainbowStairs BurgerShack 
Case #34: LivingTheDream 
Case #35: ColdBrewMachine ConstitutionDeli Harvest MamaPennys 
Case #36: DentalOffice BahnAppetit WoodenSculpture LateHarvest BurgerShack ConstitutionDeli FoxGazebo VerveCoffee SweetStop 
Case #37: Nanokitchen Arcade Helpdesk PopUpShop OculusDemoLab HalalTruck LikeSign HotfixBar BahnAppetit BridgeClub FoxPainting TechVendingMachine 
Case #38: PhilzCoffee NailPolishRoomBlock FukiSushiInOldenDays ColdBrewMachine 
Case #39: WallOfPhones 
Case #40: Nanokitchen Arcade Ballpit SwagStore FreshOrangeJuice ShuttlePlatform LikeSign HotfixBar LivingTheDream RainbowStairs FoxPainting Harvest BahnAppetit VerveCoffee TransportationHub ConstitutionDeli CafeEpic SweetStop Helpdesk Sol FakeCrosswalk BurgerShack Microkitchen ColdBrewMachine MamaPennys 
Case #41: LivingTheDream 
Case #42: Arcade 
Case #43: PopUpShop 
Case #44: WoodenSculpture MPK20Roof Harvest Nanokitchen 
Case #45: HotfixBar RainbowStairs Sol SweetStop CafeEpic LivingTheDream ZucksOffice TuringInDominoes OculusDemoLab LightningBolts NailPolishRoomBlock DentalOffice Nanokitchen PhilzCoffee SwagStore BahnAppetit FreshOrangeJuice FoxGazebo VerveCoffee ShuttlePlatform FakeCrosswalk BurgerShack TransportationHub FukiSushiInOldenDays ColdBrewMachine PopUpShop SonOfPingAndPong Harvest BlueBottle ZucksOldOffice MPK20Roof ChosHawkerCenter TechVendingMachine SugarShack WoodenSculpture FoxPainting Arcade Helpdesk BridgeClub ConstitutionDeli Microkitchen SaintFrank HalalTruck LateHarvest LikeSign MamaPennys WallOfPhones 
Case #46: OculusDemoLab Ballpit ZucksOffice VerveCoffee SugarShack SaintFrank FoxGazebo RainbowStairs Nanokitchen TransportationHub LightningBolts BlueBottle BurgerShack WallOfPhones ConstitutionDeli MPK20Roof ChosHawkerCenter HalalTruck WoodenSculpture MamaPennys PopUpShop CafeEpic LivingTheDream LateHarvest FukiSushiInOldenDays FoxPainting 
Case #47: FreshOrangeJuice ColdBrewMachine OculusDemoLab ZucksOffice FoxPainting Ballpit WoodenSculpture VerveCoffee BlueBottle HackerSquare LikeSign 
Case #48: FoxPainting BahnAppetit SweetStop LightningBolts ChosHawkerCenter ZucksOldOffice 
Case #49: MamaPennys FukiSushiInOldenDays FoxPainting 
Case #50: ColdBrewMachine 
Case #51: ShuttlePlatform 
Case #52: Sol FoxGazebo HotfixBar PhilzCoffee NailPolishRoomBlock SaintFrank WoodenSculpture CafeEpic WallOfPhones HackerSquare BurgerShack DentalOffice ZucksOldOffice Nanokitchen ShuttlePlatform 
Case #53: MamaPennys TechVendingMachine LikeSign BurgerShack NailPolishRoomBlock FoxPainting FukiSushiInOldenDays TuringInDominoes 
Case #54: ZucksOldOffice ZucksOffice BlueBottle TransportationHub 
Case #55: HotfixBar 
Case #56: WallOfPhones RainbowStairs HackerSquare NailPolishRoomBlock DentalOffice ConstitutionDeli Harvest LivingTheDream BridgeClub Nanokitchen HalalTruck LightningBolts BurgerShack SonOfPingAndPong OculusDemoLab VerveCoffee ShuttlePlatform ZucksOffice TechVendingMachine TuringInDominoes LateHarvest Microkitchen 
Case #57: NailPolishRoomBlock SonOfPingAndPong Helpdesk 
Case #58: BridgeClub WoodenSculpture DentalOffice FukiSushiInOldenDays BahnAppetit Nanokitchen LivingTheDream TuringInDominoes ShuttlePlatform ZucksOffice TechVendingMachine 
Case #59: SaintFrank Helpdesk ConstitutionDeli SweetStop Microkitchen LateHarvest MamaPennys PhilzCoffee Sol BlueBottle SonOfPingAndPong FullCircle 
Case #60: FullCircle FukiSushiInOldenDays WallOfPhones NailPolishRoomBlock Ballpit 
Case #61: TransportationHub SonOfPingAndPong 
Case #62: TuringInDominoes SonOfPingAndPong 
Case #63: ShuttlePlatform NailPolishRoomBlock TechVendingMachine PopUpShop FukiSushiInOldenDays ChosHawkerCenter Arcade BridgeClub LightningBolts HotfixBar MPK20Roof 
Case #64: VerveCoffee PopUpShop OculusDemoLab ZucksOldOffice ZucksOffice 
Case #65: WoodenSculpture SwagStore HotfixBar HalalTruck MPK20Roof MamaPennys SugarShack ConstitutionDeli 
Case #66: Harvest TechVendingMachine FreshOrangeJuice LightningBolts Sol DentalOffice 
Case #67: WoodenSculpture WallOfPhones OculusDemoLab HalalTruck FreshOrangeJuice LivingTheDream MamaPennys Arcade 
Case #68: Microkitchen BurgerShack FukiSushiInOldenDays Nanokitchen HackerSquare Helpdesk 
Case #69: CafeEpic Sol TransportationHub TuringInDominoes 
Case #70: LikeSign SweetStop SwagStore 
Case #71: WallOfPhones CafeEpic 
Case #72: Nanokitchen DentalOffice SwagStore BlueBottle FoxGazebo SonOfPingAndPong VerveCoffee ChosHawkerCenter NailPolishRoomBlock Microkitchen 
Case #73: VerveCoffee FullCircle LikeSign 
Case #74: RainbowStairs WallOfPhones FoxGazebo Helpdesk Arcade Harvest NailPolishRoomBlock FullCircle PopUpShop OculusDemoLab SaintFrank MamaPennys Sol FoxPainting HalalTruck LateHarvest FakeCrosswalk SugarShack BlueBottle SweetStop TuringInDominoes CafeEpic LivingTheDream DentalOffice ZucksOffice SonOfPingAndPong Nanokitchen ColdBrewMachine MPK20Roof WoodenSculpture PhilzCoffee BahnAppetit SwagStore FreshOrangeJuice ConstitutionDeli ShuttlePlatform LightningBolts ZucksOldOffice LikeSign TechVendingMachine Ballpit 
Case #75: Helpdesk ChosHawkerCenter SugarShack BlueBottle LivingTheDream 
Case #76: LikeSign Arcade SwagStore 
Case #77: CafeEpic 
Case #78: ZucksOldOffice ChosHawkerCenter Harvest SonOfPingAndPong Nanokitchen TuringInDominoes HotfixBar MPK20Roof FoxGazebo Arcade HackerSquare Ballpit FukiSushiInOldenDays SugarShack CafeEpic Helpdesk ColdBrewMachine 
Case #79: ChosHawkerCenter FukiSushiInOldenDays HalalTruck TransportationHub LivingTheDream RainbowStairs ColdBrewMachine TechVendingMachine SugarShack 
Case #80: SweetStop Harvest ZucksOffice OculusDemoLab HalalTruck Arcade BridgeClub MamaPennys SwagStore PhilzCoffee Sol CafeEpic LivingTheDream Microkitchen SugarShack NailPolishRoomBlock RainbowStairs BahnAppetit BlueBottle TransportationHub FullCircle ColdBrewMachine PopUpShop SaintFrank ChosHawkerCenter ZucksOldOffice Nanokitchen LateHarvest ConstitutionDeli FoxGazebo 
